[2025-07-17 13:45:02,549] INFO - Loading data...
[2025-07-17 13:45:02,549] ERROR - Failed to load required files: [Errno 2] No such file or directory: 'df_cleaned.pkl'
[2025-07-17 13:46:52,620] INFO - Loading data...
[2025-07-17 13:46:52,621] ERROR - Failed to load required files: [Errno 2] No such file or directory: 'df_cleaned.pkl'
[2025-07-17 13:46:55,859] INFO - Loading data...
[2025-07-17 13:46:55,861] ERROR - Failed to load required files: [Errno 2] No such file or directory: 'df_cleaned.pkl'
[2025-07-17 14:01:37,886] INFO - Loading data...
[2025-07-17 14:01:37,886] ERROR - Failed to load required files: [Errno 2] No such file or directory: 'df_cleaned.pkl'
[2025-07-17 14:01:41,641] INFO - Loading data...
[2025-07-17 14:01:41,649] ERROR - Failed to load required files: [Errno 2] No such file or directory: 'df_cleaned.pkl'
[2025-07-17 14:01:48,719] INFO - Loading data...
[2025-07-17 14:01:48,719] ERROR - Failed to load required files: [Errno 2] No such file or directory: 'df_cleaned.pkl'
[2025-07-17 14:04:55,378] INFO - Loading data...
[2025-07-17 14:04:55,378] ERROR - Failed to load required files: [Errno 2] No such file or directory: 'df_cleaned.pkl'
[2025-07-17 14:07:10,487] INFO - Loading data...
[2025-07-17 14:07:11,893] ERROR - Failed to load required files: [Errno 2] No such file or directory: 'cosine_sim.pkl'
[2025-07-17 14:07:51,455] INFO - Loading data...
[2025-07-17 14:07:54,279] INFO - Data loaded successfully.
[2025-07-17 14:08:04,977] INFO - Recommending movies for: '10 Cloverfield Lane'
[2025-07-17 14:08:05,001] INFO - Top 5 recommendations ready.
[2025-07-17 14:30:26,294] INFO - Loading data...
[2025-07-17 14:30:29,156] INFO - Data loaded successfully.
[2025-07-17 14:30:35,063] INFO - Recommending movies for: '(500) Days of Summer'
[2025-07-17 14:30:35,079] INFO - Top 5 recommendations ready.
[2025-07-17 14:34:56,810] INFO - Loading data...
[2025-07-17 14:34:59,571] INFO - Data loaded successfully.
[2025-07-17 14:35:03,300] INFO - Recommending movies for: '(500) Days of Summer'
[2025-07-17 14:35:03,308] INFO - Top 5 recommendations ready.
[2025-07-17 14:35:56,762] INFO - Recommending movies for: '10 Things I Hate About You'
[2025-07-17 14:35:56,770] INFO - Top 5 recommendations ready.
[2025-07-17 14:36:12,175] INFO - Recommending movies for: 'A Guy Thing'
[2025-07-17 14:36:12,191] INFO - Top 5 recommendations ready.
[2025-07-17 14:36:43,974] INFO - Recommending movies for: 'The Fast and the Furious'
[2025-07-17 14:36:43,990] INFO - Top 5 recommendations ready.
